<?xml version="1.0" encoding="UTF-8"?>
<!-- Generated by org.testng.reporters.JUnitReportReporter -->
<testsuite hostname="AMAL_AJ" failures="0" tests="1" name="testpackage.Fbtest" time="27.579" errors="0" timestamp="2024-10-08T15:27:31 IST" skipped="0">
  <testcase classname="testpackage.Fbtest" name="test" time="27.579"/>
</testsuite> <!-- testpackage.Fbtest -->
